<?xml version="1.0" encoding="utf-8" standalone="no"?>
<test-run id="2" testcasecount="1" result="Passed" total="1" passed="1" failed="0" inconclusive="0" skipped="0" asserts="1" engine-version="3.8.0.0" clr-version="4.0.30319.42000" start-time="2018-05-04 20:59:24Z" end-time="2018-05-04 20:59:25Z" duration="1.034375">
  <command-line><![CDATA[packages\NUnit.ConsoleRunner.3.8.0\tools\nunit3-console.exe  ConsoleVerification\bin\debug\ConsoleVerification.exe]]></command-line>
  <test-suite type="Assembly" id="0-1002" name="ConsoleVerification.exe" fullname="C:\Users\Andrew\Documents\Code\_Source Control\GitHub\ForgetTheMilk\ForgetTheMilk\ConsoleVerification\bin\debug\ConsoleVerification.exe" runstate="Runnable" testcasecount="1" result="Passed" start-time="2018-05-04 20:59:25Z" end-time="2018-05-04 20:59:25Z" duration="0.135750" total="1" passed="1" failed="0" warnings="0" inconclusive="0" skipped="0" asserts="1">
    <environment framework-version="3.10.1.0" clr-version="4.0.30319.42000" os-version="Microsoft Windows NT 10.0.16299.0" platform="Win32NT" cwd="C:\Users\Andrew\Documents\Code\_Source Control\GitHub\ForgetTheMilk\ForgetTheMilk" machine-name="ADMIN2-PC" user="Andrew" user-domain="Admin2-PC" culture="en-US" uiculture="en-US" os-architecture="x86" />
    <settings>
      <setting name="DisposeRunners" value="True" />
      <setting name="WorkDirectory" value="C:\Users\Andrew\Documents\Code\_Source Control\GitHub\ForgetTheMilk\ForgetTheMilk" />
      <setting name="ImageRuntimeVersion" value="4.0.30319" />
      <setting name="ImageTargetFrameworkName" value=".NETFramework,Version=v4.6.1" />
      <setting name="ImageRequiresX86" value="True" />
      <setting name="RunAsX86" value="True" />
      <setting name="ImageRequiresDefaultAppDomainAssemblyResolver" value="False" />
      <setting name="NumberOfTestWorkers" value="4" />
    </settings>
    <properties>
      <property name="_PID" value="10664" />
      <property name="_APPDOMAIN" value="domain-" />
    </properties>
    <test-suite type="TestSuite" id="0-1003" name="ConsoleVerification" fullname="ConsoleVerification" runstate="Runnable" testcasecount="1" result="Passed" start-time="2018-05-04 20:59:25Z" end-time="2018-05-04 20:59:25Z" duration="0.102932" total="1" passed="1" failed="0" warnings="0" inconclusive="0" skipped="0" asserts="1">
      <test-suite type="TestFixture" id="0-1000" name="TaskTests" fullname="ConsoleVerification.TaskTests" classname="ConsoleVerification.TaskTests" runstate="Runnable" testcasecount="1" result="Passed" start-time="2018-05-04 20:59:25Z" end-time="2018-05-04 20:59:25Z" duration="0.097867" total="1" passed="1" failed="0" warnings="0" inconclusive="0" skipped="0" asserts="1">
        <test-case id="0-1001" name="TestDescriptionAndNoDueDate" fullname="ConsoleVerification.TaskTests.TestDescriptionAndNoDueDate" methodname="TestDescriptionAndNoDueDate" classname="ConsoleVerification.TaskTests" runstate="Runnable" seed="1017096803" result="Passed" start-time="2018-05-04 20:59:25Z" end-time="2018-05-04 20:59:25Z" duration="0.075812" asserts="1">
          <output><![CDATA[Scenario: TestDescriptionAndNoDueDate
Input: Pickup the groceries
]]></output>
        </test-case>
      </test-suite>
    </test-suite>
  </test-suite>
</test-run>